<?xml version="1.0" encoding="UTF-8"?>
<!-- Generated by org.testng.reporters.JUnitReportReporter -->
<testsuite hostname="LAPTOP-TLR28ILL" failures="0" tests="1" name="restassured.CreateUserTest" time="1.927" errors="0" timestamp="2025-01-07T20:29:18 EET" skipped="0">
  <testcase classname="restassured.CreateUserTest" name="testGetEndpoint" time="1.927"/>
</testsuite> <!-- restassured.CreateUserTest -->
